\BOOKMARK [1][-]{section.1}{\376\377\000C\000h\000a\000p\000t\000e\000r\000\040\0001\000:\000\040\000P\000r\000e\000l\000i\000m\000i\000n\000a\000r\000i\000e\000s\000\040\000\046\000\040\000B\000a\000c\000k\000g\000r\000o\000u\000n\000d\000\040\000\050\000E\000x\000a\000m\000-\000F\000o\000c\000u\000s\000e\000d\000\051}{}% 1
\BOOKMARK [2][-]{subsection.1.1}{\376\377\000S\000c\000o\000p\000e\000\040\000a\000n\000d\000\040\000T\000y\000p\000e\000s\000\040\000o\000f\000\040\000I\000n\000s\000u\000r\000a\000n\000c\000e}{section.1}% 2
\BOOKMARK [2][-]{subsection.1.2}{\376\377\000M\000o\000d\000e\000l\000\040\000F\000r\000a\000m\000e\000w\000o\000r\000k\000\040\000f\000o\000r\000\040\000S\000h\000o\000r\000t\000-\000T\000e\000r\000m\000\040\000I\000n\000s\000u\000r\000a\000n\000c\000e}{section.1}% 3
\BOOKMARK [2][-]{subsection.1.3}{\376\377\000K\000e\000y\000\040\000S\000i\000m\000p\000l\000i\000f\000y\000i\000n\000g\000\040\000A\000s\000s\000u\000m\000p\000t\000i\000o\000n\000s\000\040\000\050\000E\000x\000a\000m\000-\000F\000o\000c\000u\000s\000e\000d\000\051}{section.1}% 4
\BOOKMARK [2][-]{subsection.1.4}{\376\377\000M\000G\000F\000s\000\040\000a\000n\000d\000\040\000C\000G\000F\000s\000\040\000\050\000E\000s\000s\000e\000n\000t\000i\000a\000l\000\040\000T\000h\000e\000o\000r\000y\000\051}{section.1}% 5
\BOOKMARK [2][-]{subsection.1.5}{\376\377\000D\000i\000s\000t\000r\000i\000b\000u\000t\000i\000o\000n\000s\000\040\000C\000o\000m\000m\000o\000n\000l\000y\000\040\000C\000i\000t\000e\000d}{section.1}% 6
\BOOKMARK [2][-]{subsection.1.6}{\376\377\000Q\000u\000e\000s\000t\000i\000o\000n\000s\000\040\000T\000y\000p\000i\000c\000a\000l\000l\000y\000\040\000A\000s\000k\000e\000d\000\040\000i\000n\000\040\000E\000x\000a\000m\000s}{section.1}% 7
\BOOKMARK [2][-]{subsection.1.7}{\376\377\000E\000x\000a\000m\000p\000l\000e\000\040\000E\000x\000a\000m\000\040\000C\000a\000l\000c\000u\000l\000a\000t\000i\000o\000n}{section.1}% 8
\BOOKMARK [2][-]{subsection.1.8}{\376\377\000S\000u\000m\000m\000a\000r\000y}{section.1}% 9
\BOOKMARK [1][-]{section.2}{\376\377\000C\000h\000a\000p\000t\000e\000r\000\040\0002\000:\000\040\000L\000o\000s\000s\000\040\000\050\000C\000l\000a\000i\000m\000\040\000S\000i\000z\000e\000\051\000\040\000D\000i\000s\000t\000r\000i\000b\000u\000t\000i\000o\000n\000s\000\040\000\050\000E\000x\000a\000m\000-\000F\000o\000c\000u\000s\000e\000d\000\051}{}% 10
\BOOKMARK [2][-]{subsection.2.1}{\376\377\000I\000n\000t\000r\000o\000d\000u\000c\000t\000i\000o\000n}{section.2}% 11
\BOOKMARK [2][-]{subsection.2.2}{\376\377\000C\000o\000m\000m\000o\000n\000\040\000D\000i\000s\000t\000r\000i\000b\000u\000t\000i\000o\000n\000s}{section.2}% 12
\BOOKMARK [2][-]{subsection.2.3}{\376\377\000H\000e\000a\000v\000y\000\040\000T\000a\000i\000l\000s\000\040\000a\000n\000d\000\040\000C\000o\000m\000p\000a\000r\000i\000s\000o\000n\000s}{section.2}% 13
\BOOKMARK [2][-]{subsection.2.4}{\376\377\000M\000G\000F\000s\000\040\000a\000n\000d\000\040\000U\000s\000a\000g\000e}{section.2}% 14
\BOOKMARK [2][-]{subsection.2.5}{\376\377\000E\000x\000a\000m\000-\000S\000t\000y\000l\000e\000\040\000Q\000u\000e\000s\000t\000i\000o\000n\000s}{section.2}% 15
\BOOKMARK [2][-]{subsection.2.6}{\376\377\000S\000u\000m\000m\000a\000r\000y}{section.2}% 16
\BOOKMARK [1][-]{section.3}{\376\377\000C\000h\000a\000p\000t\000e\000r\000\040\0003\000:\000\040\000A\000g\000g\000r\000e\000g\000a\000t\000e\000\040\000\050\000C\000o\000l\000l\000e\000c\000t\000i\000v\000e\000\051\000\040\000R\000i\000s\000k\000\040\000M\000o\000d\000e\000l\000s\000\040\000\050\000E\000x\000a\000m\000-\000F\000o\000c\000u\000s\000e\000d\000\051}{}% 17
\BOOKMARK [2][-]{subsection.3.1}{\376\377\000O\000v\000e\000r\000v\000i\000e\000w}{section.3}% 18
\BOOKMARK [2][-]{subsection.3.2}{\376\377\000B\000a\000s\000i\000c\000\040\000P\000r\000o\000p\000e\000r\000t\000i\000e\000s\000\040\000o\000f\000\040\000t\000h\000e\000\040\000C\000o\000m\000p\000o\000u\000n\000d\000\040\000M\000o\000d\000e\000l}{section.3}% 19
\BOOKMARK [2][-]{subsection.3.3}{\376\377\000D\000i\000s\000t\000r\000i\000b\000u\000t\000i\000o\000n\000s\000\040\000f\000o\000r\000\040\000N\000u\000m\000b\000e\000r\000\040\000o\000f\000\040\000C\000l\000a\000i\000m\000s\000,\000\040\000N}{section.3}% 20
\BOOKMARK [2][-]{subsection.3.4}{\376\377\000C\000o\000m\000p\000o\000u\000n\000d\000\040\000D\000i\000s\000t\000r\000i\000b\000u\000t\000i\000o\000n\000s\000:\000\040\000S\000p\000e\000c\000i\000a\000l\000\040\000C\000a\000s\000e\000s}{section.3}% 21
\BOOKMARK [2][-]{subsection.3.5}{\376\377\000I\000n\000t\000e\000r\000p\000r\000e\000t\000a\000t\000i\000o\000n\000s\000\040\000a\000n\000d\000\040\000E\000x\000a\000m\000-\000S\000t\000y\000l\000e\000\040\000E\000x\000a\000m\000p\000l\000e\000s}{section.3}% 22
\BOOKMARK [2][-]{subsection.3.6}{\376\377\000E\000x\000a\000m\000\040\000T\000i\000p\000s\000\040\000a\000n\000d\000\040\000C\000o\000m\000m\000o\000n\000\040\000P\000i\000t\000f\000a\000l\000l\000s}{section.3}% 23
\BOOKMARK [2][-]{subsection.3.7}{\376\377\000S\000u\000m\000m\000a\000r\000y}{section.3}% 24
\BOOKMARK [1][-]{section.4}{\376\377\000C\000h\000a\000p\000t\000e\000r\000\040\0004\000:\000\040\000P\000r\000e\000m\000i\000u\000m\000\040\000C\000a\000l\000c\000u\000l\000a\000t\000i\000o\000n\000\040\000P\000r\000i\000n\000c\000i\000p\000l\000e\000s\000\040\000\050\000E\000x\000a\000m\000-\000F\000o\000c\000u\000s\000e\000d\000\051}{}% 25
\BOOKMARK [2][-]{subsection.4.1}{\376\377\000P\000u\000r\000p\000o\000s\000e\000\040\000a\000n\000d\000\040\000K\000e\000y\000\040\000I\000d\000e\000a\000s}{section.4}% 26
\BOOKMARK [2][-]{subsection.4.2}{\376\377\000S\000t\000a\000n\000d\000a\000r\000d\000\040\000P\000r\000e\000m\000i\000u\000m\000\040\000P\000r\000i\000n\000c\000i\000p\000l\000e\000s}{section.4}% 27
\BOOKMARK [2][-]{subsection.4.3}{\376\377\000E\000x\000a\000m\000\040\000T\000i\000p\000s\000\040\000\046\000\040\000C\000o\000m\000m\000o\000n\000\040\000P\000i\000t\000f\000a\000l\000l\000s}{section.4}% 28
\BOOKMARK [2][-]{subsection.4.4}{\376\377\000S\000a\000m\000p\000l\000e\000\040\000C\000a\000l\000c\000u\000l\000a\000t\000i\000o\000n}{section.4}% 29
\BOOKMARK [2][-]{subsection.4.5}{\376\377\000C\000o\000n\000c\000l\000u\000s\000i\000o\000n\000\040\000a\000n\000d\000\040\000R\000e\000a\000d\000i\000n\000g\000\040\000C\000h\000e\000c\000k}{section.4}% 30
\BOOKMARK [1][-]{section.5}{\376\377\000C\000h\000a\000p\000t\000e\000r\000\040\0005\000:\000\040\000N\000o\000-\000C\000l\000a\000i\000m\000s\000\040\000D\000i\000s\000c\000o\000u\000n\000t\000\040\000\050\000N\000C\000D\000\051\000\040\000S\000y\000s\000t\000e\000m\000s}{}% 31
\BOOKMARK [2][-]{subsection.5.1}{\376\377\000I\000n\000t\000r\000o\000d\000u\000c\000t\000i\000o\000n\000\040\000a\000n\000d\000\040\000M\000o\000t\000i\000v\000a\000t\000i\000o\000n}{section.5}% 32
\BOOKMARK [2][-]{subsection.5.2}{\376\377\000B\000a\000s\000i\000c\000\040\000S\000t\000r\000u\000c\000t\000u\000r\000e\000\040\000o\000f\000\040\000N\000C\000D\000\040\000S\000y\000s\000t\000e\000m\000s}{section.5}% 33
\BOOKMARK [2][-]{subsection.5.3}{\376\377\000M\000a\000r\000k\000o\000v\000\040\000C\000h\000a\000i\000n\000\040\000M\000o\000d\000e\000l\000i\000n\000g}{section.5}% 34
\BOOKMARK [2][-]{subsection.5.4}{\376\377\000S\000t\000a\000t\000i\000o\000n\000a\000r\000y\000\040\000D\000i\000s\000t\000r\000i\000b\000u\000t\000i\000o\000n\000\040\000a\000n\000d\000\040\000L\000o\000n\000g\000-\000T\000e\000r\000m\000\040\000B\000e\000h\000a\000v\000i\000o\000r}{section.5}% 35
\BOOKMARK [2][-]{subsection.5.5}{\376\377\000E\000q\000u\000i\000l\000i\000b\000r\000i\000u\000m\000\040\000P\000r\000e\000m\000i\000u\000m\000\040\000C\000a\000l\000c\000u\000l\000a\000t\000i\000o\000n\000\040\000\050\000K\000e\000y\000\040\000E\000x\000a\000m\000\040\000T\000o\000p\000i\000c\000\051}{section.5}% 36
\BOOKMARK [2][-]{subsection.5.6}{\376\377\000C\000o\000m\000m\000o\000n\000\040\000P\000i\000t\000f\000a\000l\000l\000s\000\040\000i\000n\000\040\000E\000x\000a\000m\000\040\000C\000o\000n\000t\000e\000x\000t}{section.5}% 37
\BOOKMARK [2][-]{subsection.5.7}{\376\377\000F\000u\000r\000t\000h\000e\000r\000\040\000V\000a\000r\000i\000a\000t\000i\000o\000n\000s}{section.5}% 38
\BOOKMARK [2][-]{subsection.5.8}{\376\377\000S\000u\000m\000m\000a\000r\000y\000\040\000a\000n\000d\000\040\000K\000e\000y\000\040\000E\000x\000a\000m\000\040\000P\000o\000i\000n\000t\000s}{section.5}% 39
\BOOKMARK [1][-]{section.6}{\376\377\000C\000h\000a\000p\000t\000e\000r\000\040\0006\000:\000\040\000R\000u\000n\000-\000O\000f\000f\000\040\000T\000r\000i\000a\000n\000g\000l\000e\000s\000\040\000\046\000\040\000C\000l\000a\000i\000m\000s\000\040\000R\000e\000s\000e\000r\000v\000i\000n\000g\000\040\000\050\000E\000x\000a\000m\000-\000F\000o\000c\000u\000s\000e\000d\000\051}{}% 40
\BOOKMARK [2][-]{subsection.6.1}{\376\377\000M\000o\000t\000i\000v\000a\000t\000i\000o\000n\000\040\000a\000n\000d\000\040\000S\000e\000t\000u\000p}{section.6}% 41
\BOOKMARK [2][-]{subsection.6.2}{\376\377\000R\000u\000n\000-\000O\000f\000f\000\040\000T\000r\000i\000a\000n\000g\000l\000e\000s\000:\000\040\000B\000a\000s\000i\000c\000\040\000S\000t\000r\000u\000c\000t\000u\000r\000e}{section.6}% 42
\BOOKMARK [2][-]{subsection.6.3}{\376\377\000C\000h\000a\000i\000n\000-\000L\000a\000d\000d\000e\000r\000\040\000\050\000C\000L\000\051\000\040\000M\000e\000t\000h\000o\000d}{section.6}% 43
\BOOKMARK [2][-]{subsection.6.4}{\376\377\000B\000o\000r\000n\000h\000u\000e\000t\000t\000e\000r\000-\000F\000e\000r\000g\000u\000s\000o\000n\000\040\000\050\000B\000F\000\051\000\040\000M\000e\000t\000h\000o\000d}{section.6}% 44
\BOOKMARK [2][-]{subsection.6.5}{\376\377\000O\000t\000h\000e\000r\000\040\000M\000e\000t\000h\000o\000d\000s\000\040\000M\000e\000n\000t\000i\000o\000n\000e\000d}{section.6}% 45
\BOOKMARK [2][-]{subsection.6.6}{\376\377\000C\000o\000m\000m\000o\000n\000\040\000P\000i\000t\000f\000a\000l\000l\000s\000\040\000\046\000\040\000E\000x\000a\000m\000-\000F\000o\000c\000u\000s\000e\000d\000\040\000R\000e\000m\000i\000n\000d\000e\000r\000s}{section.6}% 46
\BOOKMARK [2][-]{subsection.6.7}{\376\377\000T\000y\000p\000i\000c\000a\000l\000\040\000E\000x\000a\000m\000\040\000Q\000u\000e\000s\000t\000i\000o\000n\000\040\000S\000t\000y\000l\000e\000s}{section.6}% 47
\BOOKMARK [2][-]{subsection.6.8}{\376\377\000S\000u\000m\000m\000a\000r\000y}{section.6}% 48
\BOOKMARK [1][-]{section.7}{\376\377\000C\000h\000a\000p\000t\000e\000r\000\040\0007\000:\000\040\000R\000u\000i\000n\000\040\000T\000h\000e\000o\000r\000y\000\040\000\050\000E\000x\000a\000m\000-\000F\000o\000c\000u\000s\000e\000d\000\051}{}% 49
\BOOKMARK [2][-]{subsection.7.1}{\376\377\000C\000l\000a\000s\000s\000i\000c\000a\000l\000\040\000R\000i\000s\000k\000\040\000M\000o\000d\000e\000l\000\040\000S\000e\000t\000u\000p}{section.7}% 50
\BOOKMARK [2][-]{subsection.7.2}{\376\377\000P\000r\000o\000b\000a\000b\000i\000l\000i\000t\000y\000\040\000o\000f\000\040\000U\000l\000t\000i\000m\000a\000t\000e\000\040\000R\000u\000i\000n}{section.7}% 51
\BOOKMARK [2][-]{subsection.7.3}{\376\377\000P\000r\000e\000m\000i\000u\000m\000\040\000L\000o\000a\000d\000i\000n\000g\000\040\000a\000n\000d\000\040\000R\000u\000i\000n\000\040\000P\000r\000o\000b\000a\000b\000i\000l\000i\000t\000y}{section.7}% 52
\BOOKMARK [2][-]{subsection.7.4}{\376\377\000D\000i\000s\000c\000r\000e\000t\000e\000-\000T\000i\000m\000e\000\040\000A\000p\000p\000r\000o\000x\000i\000m\000a\000t\000i\000o\000n\000\040\000o\000r\000\040\000M\000o\000r\000e\000\040\000G\000e\000n\000e\000r\000a\000l\000\040\000M\000o\000d\000e\000l\000s}{section.7}% 53
\BOOKMARK [2][-]{subsection.7.5}{\376\377\000E\000x\000a\000m\000\040\000T\000i\000p\000s\000\040\000a\000n\000d\000\040\000C\000o\000m\000m\000o\000n\000\040\000P\000i\000t\000f\000a\000l\000l\000s}{section.7}% 54
\BOOKMARK [2][-]{subsection.7.6}{\376\377\000T\000y\000p\000i\000c\000a\000l\000\040\000E\000x\000a\000m\000-\000S\000t\000y\000l\000e\000\040\000Q\000u\000e\000s\000t\000i\000o\000n\000s}{section.7}% 55
\BOOKMARK [2][-]{subsection.7.7}{\376\377\000C\000o\000n\000c\000l\000u\000s\000i\000o\000n}{section.7}% 56
\BOOKMARK [1][-]{section.8}{\376\377\000C\000h\000a\000p\000t\000e\000r\000\040\0008\000:\000\040\000R\000e\000i\000n\000s\000u\000r\000a\000n\000c\000e\000\040\000\050\000E\000x\000a\000m\000-\000F\000o\000c\000u\000s\000e\000d\000\051}{}% 57
\BOOKMARK [2][-]{subsection.8.1}{\376\377\000M\000o\000t\000i\000v\000a\000t\000i\000o\000n\000\040\000a\000n\000d\000\040\000D\000e\000f\000i\000n\000i\000t\000i\000o\000n\000s}{section.8}% 58
\BOOKMARK [2][-]{subsection.8.2}{\376\377\000T\000y\000p\000e\000s\000\040\000o\000f\000\040\000R\000e\000i\000n\000s\000u\000r\000a\000n\000c\000e}{section.8}% 59
\BOOKMARK [2][-]{subsection.8.3}{\376\377\000E\000f\000f\000e\000c\000t\000\040\000o\000n\000\040\000R\000i\000s\000k\000\040\000M\000e\000a\000s\000u\000r\000e\000s}{section.8}% 60
\BOOKMARK [2][-]{subsection.8.4}{\376\377\000R\000e\000i\000n\000s\000u\000r\000a\000n\000c\000e\000\040\000P\000r\000e\000m\000i\000u\000m\000s}{section.8}% 61
\BOOKMARK [2][-]{subsection.8.5}{\376\377\000M\000a\000t\000h\000e\000m\000a\000t\000i\000c\000a\000l\000\040\000F\000o\000r\000m\000u\000l\000a\000t\000i\000o\000n\000\040\000\050\000K\000e\000y\000\040\000E\000x\000a\000m\000\040\000E\000q\000u\000a\000t\000i\000o\000n\000s\000\051}{section.8}% 62
\BOOKMARK [2][-]{subsection.8.6}{\376\377\000E\000x\000a\000m\000\040\000T\000i\000p\000s\000\040\000a\000n\000d\000\040\000P\000i\000t\000f\000a\000l\000l\000s}{section.8}% 63
\BOOKMARK [2][-]{subsection.8.7}{\376\377\000S\000u\000m\000m\000a\000r\000y}{section.8}% 64
\BOOKMARK [1][-]{section.9}{\376\377\000C\000h\000a\000p\000t\000e\000r\000\040\0009\000:\000\040\000C\000r\000e\000d\000i\000b\000i\000l\000i\000t\000y\000\040\000T\000h\000e\000o\000r\000y\000\040\000\050\000E\000x\000a\000m\000-\000F\000o\000c\000u\000s\000e\000d\000\051}{}% 65
\BOOKMARK [2][-]{subsection.9.1}{\376\377\000I\000n\000t\000r\000o\000d\000u\000c\000t\000i\000o\000n\000\040\000t\000o\000\040\000C\000r\000e\000d\000i\000b\000i\000l\000i\000t\000y}{section.9}% 66
\BOOKMARK [2][-]{subsection.9.2}{\376\377\000B\000\374\000h\000l\000m\000a\000n\000n\000\040\000\050\000B\000a\000s\000i\000c\000\051\000\040\000M\000o\000d\000e\000l}{section.9}% 67
\BOOKMARK [2][-]{subsection.9.3}{\376\377\000B\000\374\000h\000l\000m\000a\000n\000n\000-\000S\000t\000r\000a\000u\000b\000\040\000E\000x\000t\000e\000n\000s\000i\000o\000n}{section.9}% 68
\BOOKMARK [2][-]{subsection.9.4}{\376\377\000B\000a\000y\000e\000s\000i\000a\000n\000\040\000v\000s\000.\000\040\000C\000r\000e\000d\000i\000b\000i\000l\000i\000t\000y\000\040\000P\000e\000r\000s\000p\000e\000c\000t\000i\000v\000e}{section.9}% 69
\BOOKMARK [2][-]{subsection.9.5}{\376\377\000E\000x\000a\000m\000\040\000T\000i\000p\000s\000\040\000a\000n\000d\000\040\000P\000i\000t\000f\000a\000l\000l\000s}{section.9}% 70
\BOOKMARK [2][-]{subsection.9.6}{\376\377\000O\000u\000t\000l\000i\000n\000e\000\040\000f\000o\000r\000\040\000T\000y\000p\000i\000c\000a\000l\000\040\000E\000x\000a\000m\000\040\000Q\000u\000e\000s\000t\000i\000o\000n}{section.9}% 71
\BOOKMARK [2][-]{subsection.9.7}{\376\377\000S\000u\000m\000m\000a\000r\000y}{section.9}% 72
\BOOKMARK [2][-]{subsection.9.8}{\376\377\000L\000a\000t\000e\000r\000\040\000C\000h\000a\000p\000t\000e\000r\000s\000\040\000\050\0004\040\023\0009\000\051\000\040\000H\000i\000g\000h\000l\000i\000g\000h\000t\000s}{section.9}% 73
\BOOKMARK [1][-]{section.10}{\376\377\000C\000h\000a\000p\000t\000e\000r\000\040\0001\0000\000:\000\040\000E\000x\000t\000r\000e\000m\000e\000\040\000V\000a\000l\000u\000e\000\040\000T\000h\000e\000o\000r\000y\000\040\000\050\000E\000x\000a\000m\000-\000F\000o\000c\000u\000s\000e\000d\000\051}{}% 74
\BOOKMARK [2][-]{subsection.10.1}{\376\377\000M\000o\000t\000i\000v\000a\000t\000i\000o\000n\000\040\000a\000n\000d\000\040\000C\000o\000n\000t\000e\000x\000t}{section.10}% 75
\BOOKMARK [2][-]{subsection.10.2}{\376\377\000B\000l\000o\000c\000k\000\040\000M\000a\000x\000i\000m\000a\000\040\000a\000n\000d\000\040\000t\000h\000e\000\040\000G\000E\000V\000\040\000D\000i\000s\000t\000r\000i\000b\000u\000t\000i\000o\000n}{section.10}% 76
\BOOKMARK [2][-]{subsection.10.3}{\376\377\000T\000h\000r\000e\000s\000h\000o\000l\000d\000\040\000E\000x\000c\000e\000e\000d\000a\000n\000c\000e\000s\000\040\000a\000n\000d\000\040\000t\000h\000e\000\040\000G\000P\000D}{section.10}% 77
\BOOKMARK [2][-]{subsection.10.4}{\376\377\000P\000a\000r\000a\000m\000e\000t\000e\000r\000\040\000E\000s\000t\000i\000m\000a\000t\000i\000o\000n\000\040\000a\000n\000d\000\040\000D\000i\000a\000g\000n\000o\000s\000t\000i\000c\000s}{section.10}% 78
\BOOKMARK [2][-]{subsection.10.5}{\376\377\000T\000a\000i\000l\000\040\000R\000i\000s\000k\000\040\000M\000e\000a\000s\000u\000r\000e\000s}{section.10}% 79
\BOOKMARK [2][-]{subsection.10.6}{\376\377\000H\000e\000a\000v\000i\000e\000r\000\040\000v\000s\000.\000\040\000L\000i\000g\000h\000t\000e\000r\000\040\000T\000a\000i\000l\000s}{section.10}% 80
\BOOKMARK [2][-]{subsection.10.7}{\376\377\000E\000x\000a\000m\000\040\000T\000i\000p\000s\000\040\000a\000n\000d\000\040\000S\000a\000m\000p\000l\000e\000\040\000P\000r\000o\000b\000l\000e\000m\000s}{section.10}% 81
\BOOKMARK [2][-]{subsection.10.8}{\376\377\000C\000o\000n\000c\000l\000u\000s\000i\000o\000n}{section.10}% 82
\BOOKMARK [1][-]{section.11}{\376\377\000C\000h\000a\000p\000t\000e\000r\000\040\0001\0001\000:\000\040\000C\000o\000p\000u\000l\000a\000s\000\040\000\050\000E\000x\000a\000m\000-\000F\000o\000c\000u\000s\000e\000d\000\051}{}% 83
\BOOKMARK [2][-]{subsection.11.1}{\376\377\000M\000o\000t\000i\000v\000a\000t\000i\000o\000n\000\040\000a\000n\000d\000\040\000D\000e\000f\000i\000n\000i\000t\000i\000o\000n}{section.11}% 84
\BOOKMARK [2][-]{subsection.11.2}{\376\377\000S\000k\000l\000a\000r\000'\000s\000\040\000T\000h\000e\000o\000r\000e\000m\000\040\000\050\000C\000e\000n\000t\000r\000a\000l\000\040\000R\000e\000s\000u\000l\000t\000\051}{section.11}% 85
\BOOKMARK [2][-]{subsection.11.3}{\376\377\000C\000o\000m\000m\000o\000n\000\040\000C\000o\000p\000u\000l\000a\000\040\000F\000a\000m\000i\000l\000i\000e\000s}{section.11}% 86
\BOOKMARK [2][-]{subsection.11.4}{\376\377\000C\000o\000n\000s\000t\000r\000u\000c\000t\000i\000n\000g\000\040\000J\000o\000i\000n\000t\000\040\000D\000i\000s\000t\000r\000i\000b\000u\000t\000i\000o\000n\000s\000\040\000v\000i\000a\000\040\000C\000o\000p\000u\000l\000a\000s}{section.11}% 87
\BOOKMARK [2][-]{subsection.11.5}{\376\377\000T\000a\000i\000l\000\040\000D\000e\000p\000e\000n\000d\000e\000n\000c\000e}{section.11}% 88
\BOOKMARK [2][-]{subsection.11.6}{\376\377\000S\000i\000m\000u\000l\000a\000t\000i\000o\000n\000\040\000f\000r\000o\000m\000\040\000C\000o\000p\000u\000l\000a\000s}{section.11}% 89
\BOOKMARK [2][-]{subsection.11.7}{\376\377\000E\000x\000a\000m\000\040\000T\000i\000p\000s\000\040\000a\000n\000d\000\040\000C\000o\000m\000m\000o\000n\000\040\000P\000i\000t\000f\000a\000l\000l\000s}{section.11}% 90
\BOOKMARK [2][-]{subsection.11.8}{\376\377\000S\000u\000m\000m\000a\000r\000y}{section.11}% 91
\BOOKMARK [1][-]{section.12}{\376\377\000E\000x\000a\000m\000\040\000A\000n\000a\000l\000y\000s\000i\000s\000:\000\040\000C\000h\000a\000p\000t\000e\000r\000s\000\040\0001\000\040\000\046\000\040\0002}{}% 92
\BOOKMARK [2][-]{subsection.12.1}{\376\377\000C\000h\000a\000p\000t\000e\000r\000\040\0001\000:\000\040\000P\000r\000e\000l\000i\000m\000i\000n\000a\000r\000i\000e\000s\000\040\000\046\000\040\000B\000a\000c\000k\000g\000r\000o\000u\000n\000d}{section.12}% 93
\BOOKMARK [3][-]{subsubsection.12.1.1}{\376\377\000T\000y\000p\000i\000c\000a\000l\000\040\000E\000x\000a\000m\000\040\000Q\000u\000e\000s\000t\000i\000o\000n\000\040\000S\000t\000y\000l\000e\000s}{subsection.12.1}% 94
\BOOKMARK [3][-]{subsubsection.12.1.2}{\376\377\000K\000e\000y\000\040\000P\000i\000t\000f\000a\000l\000l\000s\000\040\000\046\000\040\000M\000u\000s\000t\000-\000K\000n\000o\000w\000\040\000P\000o\000i\000n\000t\000s}{subsection.12.1}% 95
\BOOKMARK [3][-]{subsubsection.12.1.3}{\376\377\000E\000x\000a\000m\000p\000l\000e\000\040\000E\000x\000a\000m\000\040\000Q\000u\000e\000s\000t\000i\000o\000n}{subsection.12.1}% 96
\BOOKMARK [2][-]{subsection.12.2}{\376\377\000C\000h\000a\000p\000t\000e\000r\000\040\0002\000:\000\040\000L\000o\000s\000s\000\040\000\050\000C\000l\000a\000i\000m\000\051\000\040\000D\000i\000s\000t\000r\000i\000b\000u\000t\000i\000o\000n\000s}{section.12}% 97
\BOOKMARK [3][-]{subsubsection.12.2.1}{\376\377\000T\000y\000p\000i\000c\000a\000l\000\040\000E\000x\000a\000m\000\040\000Q\000u\000e\000s\000t\000i\000o\000n\000\040\000S\000t\000y\000l\000e\000s}{subsection.12.2}% 98
\BOOKMARK [3][-]{subsubsection.12.2.2}{\376\377\000K\000e\000y\000\040\000P\000i\000t\000f\000a\000l\000l\000s\000\040\000\046\000\040\000M\000u\000s\000t\000-\000K\000n\000o\000w\000\040\000P\000o\000i\000n\000t\000s}{subsection.12.2}% 99
\BOOKMARK [3][-]{subsubsection.12.2.3}{\376\377\000E\000x\000a\000m\000p\000l\000e\000\040\000E\000x\000a\000m\000\040\000Q\000u\000e\000s\000t\000i\000o\000n}{subsection.12.2}% 100
\BOOKMARK [2][-]{subsection.12.3}{\376\377\000C\000o\000m\000b\000i\000n\000e\000d\000\040\000S\000t\000u\000d\000y\000\040\000T\000i\000p\000s\000\040\000f\000o\000r\000\040\000C\000h\000a\000p\000t\000e\000r\000s\000\040\0001\000\040\000a\000n\000d\000\040\0002}{section.12}% 101
\BOOKMARK [1][-]{section.13}{\376\377\000E\000x\000a\000m\000\040\000A\000n\000a\000l\000y\000s\000i\000s\000:\000\040\000A\000g\000g\000r\000e\000g\000a\000t\000e\000\040\000\050\000C\000o\000l\000l\000e\000c\000t\000i\000v\000e\000\051\000\040\000R\000i\000s\000k\000\040\000M\000o\000d\000e\000l\000s\000\040\000\050\000C\000h\000a\000p\000t\000e\000r\000\040\0003\000\051}{}% 102
\BOOKMARK [2][-]{subsection.13.1}{\376\377\000T\000y\000p\000i\000c\000a\000l\000\040\000E\000x\000a\000m\000\040\000Q\000u\000e\000s\000t\000i\000o\000n\000\040\000S\000t\000y\000l\000e\000s}{section.13}% 103
\BOOKMARK [2][-]{subsection.13.2}{\376\377\000C\000o\000m\000m\000o\000n\000\040\000P\000i\000t\000f\000a\000l\000l\000s\000\040\000a\000n\000d\000\040\000M\000u\000s\000t\000-\000K\000n\000o\000w\000\040\000P\000o\000i\000n\000t\000s}{section.13}% 104
\BOOKMARK [2][-]{subsection.13.3}{\376\377\000K\000e\000y\000\040\000F\000o\000r\000m\000u\000l\000a\000s}{section.13}% 105
\BOOKMARK [2][-]{subsection.13.4}{\376\377\000S\000t\000u\000d\000y\000\040\000T\000i\000p\000s\000\040\000f\000o\000r\000\040\000A\000g\000g\000r\000e\000g\000a\000t\000e\000\040\000M\000o\000d\000e\000l\000s}{section.13}% 106
\BOOKMARK [2][-]{subsection.13.5}{\376\377\000E\000x\000a\000m\000p\000l\000e\000\040\000E\000x\000a\000m\000-\000S\000t\000y\000l\000e\000\040\000P\000r\000o\000b\000l\000e\000m}{section.13}% 107
\BOOKMARK [1][-]{section.14}{\376\377\000E\000x\000a\000m\000\040\000A\000n\000a\000l\000y\000s\000i\000s\000:\000\040\000P\000r\000e\000m\000i\000u\000m\000\040\000C\000a\000l\000c\000u\000l\000a\000t\000i\000o\000n\000\040\000P\000r\000i\000n\000c\000i\000p\000l\000e\000s\000\040\000\050\000C\000h\000a\000p\000t\000e\000r\000\040\0004\000\051}{}% 108
\BOOKMARK [2][-]{subsection.14.1}{\376\377\000T\000y\000p\000i\000c\000a\000l\000\040\000E\000x\000a\000m\000\040\000Q\000u\000e\000s\000t\000i\000o\000n\000\040\000S\000t\000y\000l\000e\000s}{section.14}% 109
\BOOKMARK [2][-]{subsection.14.2}{\376\377\000C\000o\000m\000m\000o\000n\000\040\000P\000i\000t\000f\000a\000l\000l\000s\000\040\000a\000n\000d\000\040\000M\000u\000s\000t\000-\000K\000n\000o\000w\000\040\000P\000o\000i\000n\000t\000s}{section.14}% 110
\BOOKMARK [2][-]{subsection.14.3}{\376\377\000K\000e\000y\000\040\000F\000o\000r\000m\000u\000l\000a\000s\000\040\000t\000o\000\040\000K\000e\000e\000p\000\040\000H\000a\000n\000d\000y}{section.14}% 111
\BOOKMARK [2][-]{subsection.14.4}{\376\377\000S\000t\000u\000d\000y\000\040\000T\000i\000p\000s\000\040\000f\000o\000r\000\040\000P\000r\000e\000m\000i\000u\000m\000\040\000P\000r\000i\000n\000c\000i\000p\000l\000e\000s}{section.14}% 112
\BOOKMARK [2][-]{subsection.14.5}{\376\377\000E\000x\000a\000m\000p\000l\000e\000\040\000E\000x\000a\000m\000-\000S\000t\000y\000l\000e\000\040\000P\000r\000o\000b\000l\000e\000m}{section.14}% 113
\BOOKMARK [1][-]{section.15}{\376\377\000E\000x\000a\000m\000\040\000A\000n\000a\000l\000y\000s\000i\000s\000:\000\040\000N\000o\000-\000C\000l\000a\000i\000m\000s\000\040\000D\000i\000s\000c\000o\000u\000n\000t\000\040\000S\000y\000s\000t\000e\000m\000s\000\040\000\050\000C\000h\000a\000p\000t\000e\000r\000\040\0005\000\051}{}% 114
\BOOKMARK [2][-]{subsection.15.1}{\376\377\000T\000y\000p\000i\000c\000a\000l\000\040\000E\000x\000a\000m\000\040\000Q\000u\000e\000s\000t\000i\000o\000n\000\040\000S\000t\000y\000l\000e\000s}{section.15}% 115
\BOOKMARK [2][-]{subsection.15.2}{\376\377\000C\000o\000m\000m\000o\000n\000\040\000P\000i\000t\000f\000a\000l\000l\000s\000\040\000a\000n\000d\000\040\000M\000u\000s\000t\000-\000K\000n\000o\000w\000\040\000P\000o\000i\000n\000t\000s}{section.15}% 116
\BOOKMARK [2][-]{subsection.15.3}{\376\377\000K\000e\000y\000\040\000F\000o\000r\000m\000u\000l\000a\000s\000\040\000o\000r\000\040\000S\000t\000e\000p\000s\000\040\000t\000o\000\040\000M\000e\000m\000o\000r\000i\000z\000e}{section.15}% 117
\BOOKMARK [2][-]{subsection.15.4}{\376\377\000S\000t\000u\000d\000y\000\040\000T\000i\000p\000s\000\040\000f\000o\000r\000\040\000N\000C\000D\000\040\000E\000x\000a\000m\000s}{section.15}% 118
\BOOKMARK [2][-]{subsection.15.5}{\376\377\000E\000x\000a\000m\000p\000l\000e\000\040\000E\000x\000a\000m\000-\000S\000t\000y\000l\000e\000\040\000Q\000u\000e\000s\000t\000i\000o\000n}{section.15}% 119
\BOOKMARK [1][-]{section.16}{\376\377\000E\000x\000a\000m\000\040\000A\000n\000a\000l\000y\000s\000i\000s\000:\000\040\000C\000l\000a\000i\000m\000s\000\040\000R\000e\000s\000e\000r\000v\000i\000n\000g\000\040\000\050\000C\000h\000a\000p\000t\000e\000r\000\040\0006\000\051}{}% 120
\BOOKMARK [2][-]{subsection.16.1}{\376\377\000T\000y\000p\000i\000c\000a\000l\000\040\000E\000x\000a\000m\000\040\000Q\000u\000e\000s\000t\000i\000o\000n\000\040\000S\000t\000y\000l\000e\000s}{section.16}% 121
\BOOKMARK [2][-]{subsection.16.2}{\376\377\000C\000o\000m\000m\000o\000n\000\040\000P\000i\000t\000f\000a\000l\000l\000s\000\040\000a\000n\000d\000\040\000M\000u\000s\000t\000-\000K\000n\000o\000w\000\040\000P\000o\000i\000n\000t\000s}{section.16}% 122
\BOOKMARK [2][-]{subsection.16.3}{\376\377\000K\000e\000y\000\040\000F\000o\000r\000m\000u\000l\000a\000s\000\040\000a\000n\000d\000\040\000A\000p\000p\000r\000o\000a\000c\000h\000e\000s}{section.16}% 123
\BOOKMARK [2][-]{subsection.16.4}{\376\377\000S\000t\000u\000d\000y\000\040\000T\000i\000p\000s\000\040\000f\000o\000r\000\040\000R\000e\000s\000e\000r\000v\000i\000n\000g}{section.16}% 124
\BOOKMARK [2][-]{subsection.16.5}{\376\377\000E\000x\000a\000m\000p\000l\000e\000\040\000E\000x\000a\000m\000-\000S\000t\000y\000l\000e\000\040\000Q\000u\000e\000s\000t\000i\000o\000n}{section.16}% 125
\BOOKMARK [1][-]{section.17}{\376\377\000E\000x\000a\000m\000\040\000A\000n\000a\000l\000y\000s\000i\000s\000:\000\040\000R\000u\000i\000n\000\040\000T\000h\000e\000o\000r\000y\000\040\000\050\000C\000h\000a\000p\000t\000e\000r\000\040\0007\000\051}{}% 126
\BOOKMARK [2][-]{subsection.17.1}{\376\377\000T\000y\000p\000i\000c\000a\000l\000\040\000E\000x\000a\000m\000\040\000Q\000u\000e\000s\000t\000i\000o\000n\000\040\000S\000t\000y\000l\000e\000s}{section.17}% 127
\BOOKMARK [2][-]{subsection.17.2}{\376\377\000C\000o\000m\000m\000o\000n\000\040\000P\000i\000t\000f\000a\000l\000l\000s\000\040\000a\000n\000d\000\040\000M\000u\000s\000t\000-\000K\000n\000o\000w\000\040\000P\000o\000i\000n\000t\000s}{section.17}% 128
\BOOKMARK [2][-]{subsection.17.3}{\376\377\000K\000e\000y\000\040\000F\000o\000r\000m\000u\000l\000a\000s\000\040\000a\000n\000d\000\040\000D\000e\000r\000i\000v\000a\000t\000i\000o\000n\000s}{section.17}% 129
\BOOKMARK [2][-]{subsection.17.4}{\376\377\000S\000t\000u\000d\000y\000\040\000T\000i\000p\000s\000\040\000f\000o\000r\000\040\000R\000u\000i\000n\000\040\000T\000h\000e\000o\000r\000y}{section.17}% 130
\BOOKMARK [2][-]{subsection.17.5}{\376\377\000E\000x\000a\000m\000p\000l\000e\000\040\000E\000x\000a\000m\000-\000S\000t\000y\000l\000e\000\040\000Q\000u\000e\000s\000t\000i\000o\000n}{section.17}% 131
\BOOKMARK [1][-]{section.18}{\376\377\000E\000x\000a\000m\000\040\000A\000n\000a\000l\000y\000s\000i\000s\000:\000\040\000R\000e\000i\000n\000s\000u\000r\000a\000n\000c\000e\000\040\000\050\000C\000h\000a\000p\000t\000e\000r\000\040\0008\000\051}{}% 132
\BOOKMARK [2][-]{subsection.18.1}{\376\377\000T\000y\000p\000i\000c\000a\000l\000\040\000E\000x\000a\000m\000\040\000Q\000u\000e\000s\000t\000i\000o\000n\000\040\000S\000t\000y\000l\000e\000s}{section.18}% 133
\BOOKMARK [2][-]{subsection.18.2}{\376\377\000C\000o\000m\000m\000o\000n\000\040\000P\000i\000t\000f\000a\000l\000l\000s\000\040\000a\000n\000d\000\040\000M\000u\000s\000t\000-\000K\000n\000o\000w\000\040\000P\000o\000i\000n\000t\000s}{section.18}% 134
\BOOKMARK [2][-]{subsection.18.3}{\376\377\000K\000e\000y\000\040\000F\000o\000r\000m\000u\000l\000a\000s\000\040\000a\000n\000d\000\040\000E\000x\000p\000r\000e\000s\000s\000i\000o\000n\000s}{section.18}% 135
\BOOKMARK [2][-]{subsection.18.4}{\376\377\000E\000x\000a\000m\000\040\000P\000r\000e\000p\000a\000r\000a\000t\000i\000o\000n\000\040\000T\000i\000p\000s}{section.18}% 136
\BOOKMARK [2][-]{subsection.18.5}{\376\377\000E\000x\000a\000m\000p\000l\000e\000\040\000E\000x\000a\000m\000-\000S\000t\000y\000l\000e\000\040\000P\000r\000o\000b\000l\000e\000m}{section.18}% 137
\BOOKMARK [1][-]{section.19}{\376\377\000E\000x\000a\000m\000\040\000A\000n\000a\000l\000y\000s\000i\000s\000:\000\040\000C\000r\000e\000d\000i\000b\000i\000l\000i\000t\000y\000\040\000T\000h\000e\000o\000r\000y\000\040\000\050\000C\000h\000a\000p\000t\000e\000r\000\040\0009\000\051}{}% 138
\BOOKMARK [2][-]{subsection.19.1}{\376\377\000T\000y\000p\000i\000c\000a\000l\000\040\000E\000x\000a\000m\000\040\000Q\000u\000e\000s\000t\000i\000o\000n\000\040\000S\000t\000y\000l\000e\000s}{section.19}% 139
\BOOKMARK [2][-]{subsection.19.2}{\376\377\000C\000o\000m\000m\000o\000n\000\040\000P\000i\000t\000f\000a\000l\000l\000s\000\040\000a\000n\000d\000\040\000M\000u\000s\000t\000-\000K\000n\000o\000w\000\040\000P\000o\000i\000n\000t\000s}{section.19}% 140
\BOOKMARK [2][-]{subsection.19.3}{\376\377\000K\000e\000y\000\040\000F\000o\000r\000m\000u\000l\000a\000s\000\040\000\046\000\040\000D\000e\000r\000i\000v\000a\000t\000i\000o\000n\000s}{section.19}% 141
\BOOKMARK [2][-]{subsection.19.4}{\376\377\000E\000x\000a\000m\000\040\000P\000r\000e\000p\000a\000r\000a\000t\000i\000o\000n\000\040\000T\000i\000p\000s}{section.19}% 142
\BOOKMARK [2][-]{subsection.19.5}{\376\377\000E\000x\000a\000m\000p\000l\000e\000\040\000E\000x\000a\000m\000-\000S\000t\000y\000l\000e\000\040\000Q\000u\000e\000s\000t\000i\000o\000n}{section.19}% 143
\BOOKMARK [1][-]{section.20}{\376\377\000E\000x\000a\000m\000\040\000A\000n\000a\000l\000y\000s\000i\000s\000:\000\040\000E\000x\000t\000r\000e\000m\000e\000\040\000V\000a\000l\000u\000e\000\040\000T\000h\000e\000o\000r\000y\000\040\000\050\000C\000h\000a\000p\000t\000e\000r\000\040\0001\0000\000\051}{}% 144
\BOOKMARK [2][-]{subsection.20.1}{\376\377\000T\000y\000p\000i\000c\000a\000l\000\040\000E\000x\000a\000m\000\040\000Q\000u\000e\000s\000t\000i\000o\000n\000\040\000S\000t\000y\000l\000e\000s}{section.20}% 145
\BOOKMARK [2][-]{subsection.20.2}{\376\377\000C\000o\000m\000m\000o\000n\000\040\000P\000i\000t\000f\000a\000l\000l\000s\000\040\000\046\000\040\000M\000u\000s\000t\000-\000K\000n\000o\000w\000\040\000I\000t\000e\000m\000s}{section.20}% 146
\BOOKMARK [2][-]{subsection.20.3}{\376\377\000K\000e\000y\000\040\000F\000o\000r\000m\000u\000l\000a\000s\000\040\000a\000n\000d\000\040\000R\000e\000s\000u\000l\000t\000s\000\040\000t\000o\000\040\000H\000a\000v\000e\000\040\000R\000e\000a\000d\000y}{section.20}% 147
\BOOKMARK [2][-]{subsection.20.4}{\376\377\000E\000x\000a\000m\000-\000S\000t\000y\000l\000e\000\040\000T\000i\000p\000s\000\040\000a\000n\000d\000\040\000S\000t\000r\000a\000t\000e\000g\000i\000e\000s}{section.20}% 148
\BOOKMARK [2][-]{subsection.20.5}{\376\377\000R\000e\000c\000o\000m\000m\000e\000n\000d\000e\000d\000\040\000R\000e\000v\000i\000e\000w\000\040\000S\000t\000e\000p\000s}{section.20}% 149
\BOOKMARK [1][-]{section.21}{\376\377\000E\000x\000a\000m\000\040\000A\000n\000a\000l\000y\000s\000i\000s\000:\000\040\000C\000o\000p\000u\000l\000a\000s\000\040\000\050\000C\000h\000a\000p\000t\000e\000r\000\040\0001\0001\000\051}{}% 150
\BOOKMARK [2][-]{subsection.21.1}{\376\377\000T\000y\000p\000i\000c\000a\000l\000\040\000E\000x\000a\000m\000\040\000Q\000u\000e\000s\000t\000i\000o\000n\000\040\000S\000t\000y\000l\000e\000s}{section.21}% 151
\BOOKMARK [2][-]{subsection.21.2}{\376\377\000C\000o\000m\000m\000o\000n\000\040\000P\000i\000t\000f\000a\000l\000l\000s\000\040\000\046\000\040\000M\000u\000s\000t\000-\000K\000n\000o\000w\000\040\000I\000t\000e\000m\000s}{section.21}% 152
\BOOKMARK [2][-]{subsection.21.3}{\376\377\000K\000e\000y\000\040\000F\000o\000r\000m\000u\000l\000a\000s\000\040\000a\000n\000d\000\040\000R\000e\000s\000u\000l\000t\000s\000\040\000t\000o\000\040\000M\000e\000m\000o\000r\000i\000z\000e\000\040\000o\000r\000\040\000D\000e\000r\000i\000v\000e\000\040\000Q\000u\000i\000c\000k\000l\000y}{section.21}% 153
\BOOKMARK [2][-]{subsection.21.4}{\376\377\000R\000e\000c\000o\000m\000m\000e\000n\000d\000e\000d\000\040\000S\000t\000u\000d\000y\000\040\000T\000i\000p\000s}{section.21}% 154
